<?xml version="1.0" encoding="UTF-8"?>
<testng-results skipped="0" failed="0" ignored="0" total="2" passed="2">
  <reporter-output>
  </reporter-output>
  <suite name="Default suite" duration-ms="35187" started-at="2018-01-03T10:58:41Z" finished-at="2018-01-03T10:59:16Z">
    <groups>
    </groups>
    <test name="Default test" duration-ms="35187" started-at="2018-01-03T10:58:41Z" finished-at="2018-01-03T10:59:16Z">
      <class name="testNg.TestNgBasics">
        <test-method status="PASS" signature="setUp()[pri:0, instance:testNg.TestNgBasics@7113b13f]" name="setUp" is-config="true" duration-ms="18593" started-at="2018-01-03T16:28:41Z" finished-at="2018-01-03T16:28:59Z">
          <reporter-output>
          </reporter-output>
        </test-method> <!-- setUp -->
        <test-method status="PASS" signature="linkTest()[pri:0, instance:testNg.TestNgBasics@7113b13f]" name="linkTest" duration-ms="190" started-at="2018-01-03T16:28:59Z" finished-at="2018-01-03T16:29:00Z">
          <reporter-output>
          </reporter-output>
        </test-method> <!-- linkTest -->
        <test-method status="PASS" signature="tearDown()[pri:0, instance:testNg.TestNgBasics@7113b13f]" name="tearDown" is-config="true" duration-ms="829" started-at="2018-01-03T16:29:00Z" finished-at="2018-01-03T16:29:01Z">
          <reporter-output>
          </reporter-output>
        </test-method> <!-- tearDown -->
        <test-method status="PASS" signature="setUp()[pri:0, instance:testNg.TestNgBasics@7113b13f]" name="setUp" is-config="true" duration-ms="14966" started-at="2018-01-03T16:29:01Z" finished-at="2018-01-03T16:29:15Z">
          <reporter-output>
          </reporter-output>
        </test-method> <!-- setUp -->
        <test-method status="PASS" signature="remedyTest()[pri:0, instance:testNg.TestNgBasics@7113b13f]" name="remedyTest" duration-ms="35" started-at="2018-01-03T16:29:15Z" finished-at="2018-01-03T16:29:16Z">
          <reporter-output>
          </reporter-output>
        </test-method> <!-- remedyTest -->
        <test-method status="PASS" signature="tearDown()[pri:0, instance:testNg.TestNgBasics@7113b13f]" name="tearDown" is-config="true" duration-ms="547" started-at="2018-01-03T16:29:16Z" finished-at="2018-01-03T16:29:16Z">
          <reporter-output>
          </reporter-output>
        </test-method> <!-- tearDown -->
      </class> <!-- testNg.TestNgBasics -->
    </test> <!-- Default test -->
  </suite> <!-- Default suite -->
</testng-results>
